e:\colorclassifier\colorclassifier\colorclassifier\debug\vc142.pdb
e:\colorclassifier\colorclassifier\colorclassifier\debug\vc142.idb
e:\colorclassifier\colorclassifier\colorclassifier\debug\math.nativecodeanalysis.sarif
e:\colorclassifier\colorclassifier\colorclassifier\debug\math.nativecodeanalysis.xml
e:\colorclassifier\colorclassifier\colorclassifier\debug\main.nativecodeanalysis.sarif
e:\colorclassifier\colorclassifier\colorclassifier\debug\main.nativecodeanalysis.xml
e:\colorclassifier\colorclassifier\colorclassifier\debug\grader.nativecodeanalysis.sarif
e:\colorclassifier\colorclassifier\colorclassifier\debug\grader.nativecodeanalysis.xml
e:\colorclassifier\colorclassifier\colorclassifier\debug\functionhandler.nativecodeanalysis.sarif
e:\colorclassifier\colorclassifier\colorclassifier\debug\functionhandler.nativecodeanalysis.xml
e:\colorclassifier\colorclassifier\colorclassifier\debug\breeder.nativecodeanalysis.sarif
e:\colorclassifier\colorclassifier\colorclassifier\debug\breeder.nativecodeanalysis.xml
e:\colorclassifier\colorclassifier\colorclassifier\debug\breeder.obj
e:\colorclassifier\colorclassifier\colorclassifier\debug\functionhandler.obj
e:\colorclassifier\colorclassifier\colorclassifier\debug\grader.obj
e:\colorclassifier\colorclassifier\colorclassifier\debug\main.obj
e:\colorclassifier\colorclassifier\colorclassifier\debug\math.obj
e:\colorclassifier\colorclassifier\debug\colorclassifier.ilk
e:\colorclassifier\colorclassifier\debug\colorclassifier.exe
e:\colorclassifier\colorclassifier\debug\colorclassifier.pdb
e:\colorclassifier\colorclassifier\colorclassifier\debug\nativecodeanalysis.read.1.tlog
e:\colorclassifier\colorclassifier\colorclassifier\debug\vc.nativecodeanalysis.all.xml
e:\colorclassifier\colorclassifier\debug\colorclassifier.exe.lastcodeanalysissucceeded
e:\colorclassifier\colorclassifier\colorclassifier\debug\colorclassifier.tlog\cl.command.1.tlog
e:\colorclassifier\colorclassifier\colorclassifier\debug\colorclassifier.tlog\cl.read.1.tlog
e:\colorclassifier\colorclassifier\colorclassifier\debug\colorclassifier.tlog\cl.write.1.tlog
e:\colorclassifier\colorclassifier\colorclassifier\debug\colorclassifier.tlog\link.command.1.tlog
e:\colorclassifier\colorclassifier\colorclassifier\debug\colorclassifier.tlog\link.read.1.tlog
e:\colorclassifier\colorclassifier\colorclassifier\debug\colorclassifier.tlog\link.write.1.tlog
